Cannot open worktodo.txt
GPU Vendor: APPLE
Queue size = 16384
Max CL_DEVICE_MAX_WORK_GROUP_SIZE = 256
Max CL_DEVICE_MAX_WORK_ITEM_SIZES = 256, 256, 256
Max CL_DEVICE_LOCAL_MEM_SIZE = 32768 bytes
Transform Size = 4
Cannot open worktodo.txt
Building OpenCL program with options:  -DWG_SIZE=4 -DLOCAL_PROPAGATION_DEPTH=4 -DCARRY_WORKER=1 -DLOCAL_PROPAGATION_DEPTH_DIV4=1 -DLOCAL_PROPAGATION_DEPTH_DIV4_MIN=1 -DLOCAL_PROPAGATION_DEPTH_DIV2=1 -DLOCAL_PROPAGATION_DEPTH_DIV2_MIN=1 -DWORKER_NTT=1 -DWORKER_NTT_2_STEPS=0 -DMODULUS_P=91 -DTRANSFORM_SIZE_N=4 -DLOCAL_SIZE=1 -DLOCAL_SIZE2=1 -DLOCAL_SIZE3=1
OpenCL program built successfully from: /Users/fricadev/PrMers/kernels/prmers.cl
PrMers : GPU‐accelerated Mersenne primality test (OpenCL, NTT, Lucas Lehmer)
Testing exponent : 91
Device OpenCL ID : 0
Mode : Lucas Lehmer
Backup interval : 30 s
Save/Load path: .
Looking for loop file at "/Users/fricadev/PrMers/./91ll.loop"
No valid loop file, initializing fresh state
Initial x[0] set to 4 (LL mode)
[31mProgress: 0.00% | Exp: 91 | Iter: 0 | Elapsed: 0.00s | IPS: 0.00 | ETA: 0d 0h 0m 0s | RES64: [0m
[32mProgress: 100.00% | Exp: 91 | Iter: 89 | Elapsed: 0.01s | IPS: 15935.30 | ETA: 0d 0h 0m 0s | RES64: 138BB66BAC981B93[0m

M91 is composite.

Manual submission JSON:
{"status":"C","exponent":91,"worktype":"LL","res64":"138BB66BAC981B93","residue-type":1,"errors":{"gerbicz":0},"fft-length":4,"shift-count":0,"program":{"name":"prmers","version":"0.1.0","port":8},"os":{"os":"Linux","architecture":"x86_64"},"user":"cherubrock","timestamp":"2025-04-29 07:44:33","checksum":{"version":1,"checksum":"1A6E503E"}}

Total elapsed time: 0.01 seconds.
No password provided with --noask; skipping submission.
JSON result written to: ./91_ll_result.json
Result appended to: ./results.txt
