Cannot open worktodo.txt
GPU Vendor: APPLE
Queue size = 16384
Max CL_DEVICE_MAX_WORK_GROUP_SIZE = 256
Max CL_DEVICE_MAX_WORK_ITEM_SIZES = 256, 256, 256
Max CL_DEVICE_LOCAL_MEM_SIZE = 32768 bytes
Transform Size = 512
Cannot open worktodo.txt
Building OpenCL program with options:  -DWG_SIZE=16 -DLOCAL_PROPAGATION_DEPTH=8 -DCARRY_WORKER=64 -DLOCAL_PROPAGATION_DEPTH_DIV4=2 -DLOCAL_PROPAGATION_DEPTH_DIV4_MIN=1 -DLOCAL_PROPAGATION_DEPTH_DIV2=2 -DLOCAL_PROPAGATION_DEPTH_DIV2_MIN=3 -DWORKER_NTT=128 -DWORKER_NTT_2_STEPS=32 -DMODULUS_P=8191 -DTRANSFORM_SIZE_N=512 -DLOCAL_SIZE=32 -DLOCAL_SIZE2=32 -DLOCAL_SIZE3=32
OpenCL program built successfully from: /Users/fricadev/PrMers/kernels/prmers.cl
PrMers : GPU‐accelerated Mersenne primality test (OpenCL, NTT, Lucas Lehmer)
Testing exponent : 8191
Device OpenCL ID : 0
Mode : Lucas Lehmer
Backup interval : 30 s
Save/Load path: .
Looking for loop file at "/Users/fricadev/PrMers/./8191ll.loop"
No valid loop file, initializing fresh state
Initial x[0] set to 4 (LL mode)
[31mProgress: 0.00% | Exp: 8191 | Iter: 0 | Elapsed: 0.00s | IPS: 0.00 | ETA: 0d 0h 0m 0s | RES64: [0m
[32mProgress: 100.00% | Exp: 8191 | Iter: 8189 | Elapsed: 0.40s | IPS: 20467.17 | ETA: 0d 0h 0m 0s | RES64: C6E2B3249D960794[0m

M8191 is composite.

Manual submission JSON:
{"status":"C","exponent":8191,"worktype":"LL","res64":"C6E2B3249D960794","residue-type":1,"errors":{"gerbicz":0},"fft-length":512,"shift-count":0,"program":{"name":"prmers","version":"0.1.0","port":8},"os":{"os":"Linux","architecture":"x86_64"},"user":"cherubrock","timestamp":"2025-04-29 07:44:37","checksum":{"version":1,"checksum":"9A3A8A4C"}}

Total elapsed time: 0.40 seconds.
No password provided with --noask; skipping submission.
JSON result written to: ./8191_ll_result.json
Result appended to: ./results.txt
