Queue size = 16384
Max CL_DEVICE_MAX_WORK_GROUP_SIZE = 256
Max CL_DEVICE_MAX_WORK_ITEM_SIZES = 256, 256, 256
Max CL_DEVICE_LOCAL_MEM_SIZE = 32768 bytes
Transform Size = 64
Building OpenCL program with options:  -DWG_SIZE=16 -DLOCAL_PROPAGATION_DEPTH=4 -DCARRY_WORKER=16 -DLOCAL_PROPAGATION_DEPTH_DIV4=1 -DLOCAL_PROPAGATION_DEPTH_DIV4_MIN=1 -DLOCAL_PROPAGATION_DEPTH_DIV2=1 -DLOCAL_PROPAGATION_DEPTH_DIV2_MIN=1 -DWORKER_NTT=16 -DWORKER_NTT_2_STEPS=4 -DMODULUS_P=1001 -DTRANSFORM_SIZE_N=64 -DLOCAL_SIZE=4 -DLOCAL_SIZE2=4 -DLOCAL_SIZE3=4
OpenCL program built successfully from: /Users/fricadev/PrMers/kernels/prmers.cl
Compiled Kernels (16):
  - kernel_sub2
  - kernel_carry
  - kernel_carry_2
  - kernel_inverse_ntt_radix4_mm
  - kernel_ntt_radix4_last_m1_n4
  - kernel_inverse_ntt_radix4_mm_last
  - kernel_ntt_radix4_last_m1
  - kernel_ntt_radix4_mm_first
  - kernel_ntt_radix4_mm
  - kernel_inverse_ntt_radix4_m1
  - kernel_inverse_ntt_radix4_m1_n4
  - kernel_ntt_radix4_inverse_mm_2steps
  - kernel_ntt_radix4_mm_2steps
  - kernel_ntt_radix4_mm_3steps
  - kernel_ntt_radix2_square_radix2
  - kernel_ntt_radix4_radix2_square_radix2_radix4
PrMers : GPU‐accelerated Mersenne primality test (OpenCL, NTT, Lucas‐Lehmer)
Testing exponent : 1001
Device OpenCL ID : 0
Mode : Lucas‐Lehmer
Backup interval : 120 s
Save/Load path: .
Initial x[0] set to 4 (LL mode)
[31mProgress: 0.00% | Exp: 1001 | Iter: 0 | Elapsed: 0.00s | IPS: 0.00 | ETA: 0d 0h 0m 0s[0m
M1001 is composite.

Manual submission JSON:
{"status":"P","exponent":1001,"worktype":"ll","res64":"0000000000000000","residue-type":1,"errors":{"gerbicz":0},"fft-length":1001,"shift-count":0,"program":{"name":"prmers","version":"0.15","port":8},"os":{"os":"Linux","architecture":"x86_64"},"user":"","timestamp":"2025-04-26 22:24:13","checksum":{"version":1,"checksum":"FFFFFFFF"}}

Short result line: LL=1001,cherubrock,F,0x0000000000004064

Total elapsed time: 0.24 seconds.
