Queue size = 16384
Max CL_DEVICE_MAX_WORK_GROUP_SIZE = 256
Max CL_DEVICE_MAX_WORK_ITEM_SIZES = 256, 256, 256
Max CL_DEVICE_LOCAL_MEM_SIZE = 32768 bytes
Transform Size = 2
Building OpenCL program with options:  -DWG_SIZE=4 -DLOCAL_PROPAGATION_DEPTH=4 -DCARRY_WORKER=1 -DLOCAL_PROPAGATION_DEPTH_DIV4=1 -DLOCAL_PROPAGATION_DEPTH_DIV4_MIN=1 -DLOCAL_PROPAGATION_DEPTH_DIV2=1 -DLOCAL_PROPAGATION_DEPTH_DIV2_MIN=1 -DWORKER_NTT=1 -DWORKER_NTT_2_STEPS=0 -DMODULUS_P=57 -DTRANSFORM_SIZE_N=4 -DLOCAL_SIZE=1 -DLOCAL_SIZE2=1 -DLOCAL_SIZE3=1
OpenCL program built successfully from: /Users/fricadev/PrMers/kernels/prmers.cl
Compiled Kernels (16):
  - kernel_sub2
  - kernel_carry
  - kernel_carry_2
  - kernel_inverse_ntt_radix4_mm
  - kernel_ntt_radix4_last_m1_n4
  - kernel_inverse_ntt_radix4_mm_last
  - kernel_ntt_radix4_last_m1
  - kernel_ntt_radix4_mm_first
  - kernel_ntt_radix4_mm
  - kernel_inverse_ntt_radix4_m1
  - kernel_inverse_ntt_radix4_m1_n4
  - kernel_ntt_radix4_inverse_mm_2steps
  - kernel_ntt_radix4_mm_2steps
  - kernel_ntt_radix4_mm_3steps
  - kernel_ntt_radix2_square_radix2
  - kernel_ntt_radix4_radix2_square_radix2_radix4
PrMers : GPU‐accelerated Mersenne primality test (OpenCL, NTT, Lucas‐Lehmer)
Testing exponent : 57
Device OpenCL ID : 0
Mode : Lucas‐Lehmer
Backup interval : 120 s
Save/Load path: .

Kernel execution time: 0.0 seconds
Iterations per second: ∞ (simulated)

M57 is composite.
