Cannot open worktodo.txt
GPU Vendor: APPLE
Queue size = 16384
Max CL_DEVICE_MAX_WORK_GROUP_SIZE = 256
Max CL_DEVICE_MAX_WORK_ITEM_SIZES = 256, 256, 256
Max CL_DEVICE_LOCAL_MEM_SIZE = 32768 bytes
Transform Size = 8
Cannot open worktodo.txt
Building OpenCL program with options:  -DWG_SIZE=8 -DLOCAL_PROPAGATION_DEPTH=4 -DCARRY_WORKER=2 -DLOCAL_PROPAGATION_DEPTH_DIV4=1 -DLOCAL_PROPAGATION_DEPTH_DIV4_MIN=1 -DLOCAL_PROPAGATION_DEPTH_DIV2=1 -DLOCAL_PROPAGATION_DEPTH_DIV2_MIN=1 -DWORKER_NTT=2 -DWORKER_NTT_2_STEPS=0 -DMODULUS_P=127 -DTRANSFORM_SIZE_N=8 -DLOCAL_SIZE=1 -DLOCAL_SIZE2=1 -DLOCAL_SIZE3=1
OpenCL program built successfully from: /Users/fricadev/PrMers/kernels/prmers.cl
PrMers : GPU‐accelerated Mersenne primality test (OpenCL, NTT, Lucas Lehmer)
Testing exponent : 127
Device OpenCL ID : 0
Mode : PRP
Backup interval : 30 s
Save/Load path: .
Looking for loop file at "/Users/fricadev/PrMers/./127prp.loop"
No valid loop file, initializing fresh state
Initial x[0] set to 3 (PRP mode)
[31mProgress: 0.00% | Exp: 127 | Iter: 0 | Elapsed: 0.00s | IPS: 0.00 | ETA: 0d 0h 0m 0s | RES64: [0m
[32mProgress: 100.00% | Exp: 127 | Iter: 127 | Elapsed: 0.01s | IPS: 17026.70 | ETA: 0d 0h 0m 0s | RES64: 0000000000000001[0m

Warning: Cannot open file for MD5: 

M127 PRP test: probably prime (residue is 9).

Manual submission JSON:
{"status":"P","exponent":127,"worktype":"PRP-3","res64":"0000000000000001","res2048":"00000000000000080000000000000008000060000353e49000006000035391700000325f79727261635f6c656e72656b0000325f79727261635f6c656e72656b000000000080300200000000008030020000000000000008000000000000000800000000000000080000000000000008000000000000000000003002000030020000000000000000000000000000000000000000000000000000004600000045000000000000000000000000000000020000000000000000000000000000000200000000001010000000300200003002000000000000006300008a85e1da86900000000000000000000060000093965000000000000000000000000000000001","residue-type":1,"errors":{"gerbicz":0},"fft-length":8,"shift-count":0,"program":{"name":"prmers","version":"0.1.0","port":8},"os":{"os":"Linux","architecture":"x86_64"},"user":"cherubrock","timestamp":"2025-04-29 07:43:42","checksum":{"version":1,"checksum":"BF963F69"}}

Total elapsed time: 0.01 seconds.
No password provided with --noask; skipping submission.
JSON result written to: ./127_prp_result.json
Result appended to: ./results.txt
