Cannot open worktodo.txt
GPU Vendor: APPLE
Queue size = 16384
Max CL_DEVICE_MAX_WORK_GROUP_SIZE = 256
Max CL_DEVICE_MAX_WORK_ITEM_SIZES = 256, 256, 256
Max CL_DEVICE_LOCAL_MEM_SIZE = 32768 bytes
Transform Size = 8192
Cannot open worktodo.txt
Building OpenCL program with options:  -DWG_SIZE=32 -DLOCAL_PROPAGATION_DEPTH=8 -DCARRY_WORKER=1024 -DLOCAL_PROPAGATION_DEPTH_DIV4=2 -DLOCAL_PROPAGATION_DEPTH_DIV4_MIN=1 -DLOCAL_PROPAGATION_DEPTH_DIV2=2 -DLOCAL_PROPAGATION_DEPTH_DIV2_MIN=3 -DWORKER_NTT=2048 -DWORKER_NTT_2_STEPS=512 -DMODULUS_P=110503 -DTRANSFORM_SIZE_N=8192 -DLOCAL_SIZE=256 -DLOCAL_SIZE2=256 -DLOCAL_SIZE3=256
OpenCL program built successfully from: /Users/fricadev/PrMers/kernels/prmers.cl
PrMers : GPU‐accelerated Mersenne primality test (OpenCL, NTT, Lucas Lehmer)
Testing exponent : 110503
Device OpenCL ID : 0
Mode : PRP
Backup interval : 30 s
Save/Load path: .
Looking for loop file at "/Users/fricadev/PrMers/./110503prp.loop"
No valid loop file, initializing fresh state
Initial x[0] set to 3 (PRP mode)
[31mProgress: 0.00% | Exp: 110503 | Iter: 0 | Elapsed: 0.00s | IPS: 0.00 | ETA: 0d 0h 0m 0s | RES64: [0m
[31mProgress: 21.42% | Exp: 110503 | Iter: 23672 | Elapsed: 2.07s | IPS: 11443.33 | ETA: 0d 0h 0m 7s | RES64: C0F80774A1F549A2[0m
[31mProgress: 44.49% | Exp: 110503 | Iter: 49166 | Elapsed: 4.19s | IPS: 11471.80 | ETA: 0d 0h 0m 5s | RES64: 20DC99C3AF6DB576[0m
[33mProgress: 65.92% | Exp: 110503 | Iter: 72839 | Elapsed: 6.20s | IPS: 11499.59 | ETA: 0d 0h 0m 3s | RES64: EBC66583924E1BB6[0m
[33mProgress: 87.34% | Exp: 110503 | Iter: 96512 | Elapsed: 8.24s | IPS: 11520.53 | ETA: 0d 0h 0m 1s | RES64: 4ED7DBBE77C9AEEA[0m
[32mProgress: 100.00% | Exp: 110503 | Iter: 110503 | Elapsed: 9.42s | IPS: 11541.68 | ETA: 0d 0h 0m 0s | RES64: 0000000000000001[0m

Warning: Cannot open file for MD5: 

M110503 PRP test: probably prime (residue is 9).

Manual submission JSON:
{"status":"P","exponent":110503,"worktype":"PRP-3","res64":"0000000000000001","res2048":"00000000000000000000000000000000000000000000000000000000000000000000000000000000000000000000000000000000000000000000000000000000000000000000000000000000000000000000000000000000000000000000000000000000000000000000000000000000000000000000000000000000000000000000000000000000000000000000000000000000000000000000000000000000000000000000000000000000000000000000000000000000000000000000000000000000000000000000000000000000000000000000000000000000000000000000000000000000000000000000000000000000000000000000000000000001","residue-type":1,"errors":{"gerbicz":0},"fft-length":8192,"shift-count":0,"program":{"name":"prmers","version":"0.1.0","port":8},"os":{"os":"Linux","architecture":"x86_64"},"user":"cherubrock","timestamp":"2025-04-29 07:44:20","checksum":{"version":1,"checksum":"C809486E"}}

Total elapsed time: 9.42 seconds.
No password provided with --noask; skipping submission.
JSON result written to: ./110503_prp_result.json
Result appended to: ./results.txt
