Cannot open worktodo.txt
GPU Vendor: APPLE
Queue size = 16384
Max CL_DEVICE_MAX_WORK_GROUP_SIZE = 256
Max CL_DEVICE_MAX_WORK_ITEM_SIZES = 256, 256, 256
Max CL_DEVICE_LOCAL_MEM_SIZE = 32768 bytes
Transform Size = 4
Cannot open worktodo.txt
Building OpenCL program with options:  -DWG_SIZE=4 -DLOCAL_PROPAGATION_DEPTH=4 -DCARRY_WORKER=1 -DLOCAL_PROPAGATION_DEPTH_DIV4=1 -DLOCAL_PROPAGATION_DEPTH_DIV4_MIN=1 -DLOCAL_PROPAGATION_DEPTH_DIV2=1 -DLOCAL_PROPAGATION_DEPTH_DIV2_MIN=1 -DWORKER_NTT=1 -DWORKER_NTT_2_STEPS=0 -DMODULUS_P=107 -DTRANSFORM_SIZE_N=4 -DLOCAL_SIZE=1 -DLOCAL_SIZE2=1 -DLOCAL_SIZE3=1
OpenCL program built successfully from: /Users/fricadev/PrMers/kernels/prmers.cl
PrMers : GPU‐accelerated Mersenne primality test (OpenCL, NTT, Lucas Lehmer)
Testing exponent : 107
Device OpenCL ID : 0
Mode : PRP
Backup interval : 30 s
Save/Load path: .
Looking for loop file at "/Users/fricadev/PrMers/./107prp.loop"
No valid loop file, initializing fresh state
Initial x[0] set to 3 (PRP mode)
[31mProgress: 0.00% | Exp: 107 | Iter: 0 | Elapsed: 0.00s | IPS: 0.00 | ETA: 0d 0h 0m 0s | RES64: [0m
[32mProgress: 100.00% | Exp: 107 | Iter: 107 | Elapsed: 0.01s | IPS: 19260.19 | ETA: 0d 0h 0m 0s | RES64: 0000000000000001[0m

Warning: Cannot open file for MD5: 

M107 PRP test: probably prime (residue is 9).

Manual submission JSON:
{"status":"P","exponent":107,"worktype":"PRP-3","res64":"0000000000000001","res2048":"00000000000000000000000000000000000000000000000000000000000000000000000000000000000000000000000000000000000000000000000000000000000000000000000000000046000000450000000000000000000000000000000000000000000007fb0000ecdc113a97d0000000000000017e0000ecdc113a97c0000000000000000000000046000000450000000000000000000000000000000000000000000001780000ecdc113a9790000000000000017a0000ecdc113a9780000000000000017d0000ecdc113a977000000000000001790000ecdc113a97600000000000101000000030020000300200000000000000000000000000000001","residue-type":1,"errors":{"gerbicz":0},"fft-length":4,"shift-count":0,"program":{"name":"prmers","version":"0.1.0","port":8},"os":{"os":"Linux","architecture":"x86_64"},"user":"cherubrock","timestamp":"2025-04-29 07:43:41","checksum":{"version":1,"checksum":"6CB3B037"}}

Total elapsed time: 0.01 seconds.
No password provided with --noask; skipping submission.
JSON result written to: ./107_prp_result.json
Result appended to: ./results.txt
