Cannot open worktodo.txt
GPU Vendor: APPLE
Queue size = 16384
Max CL_DEVICE_MAX_WORK_GROUP_SIZE = 256
Max CL_DEVICE_MAX_WORK_ITEM_SIZES = 256, 256, 256
Max CL_DEVICE_LOCAL_MEM_SIZE = 32768 bytes
Transform Size = 1024
Cannot open worktodo.txt
Building OpenCL program with options:  -DWG_SIZE=16 -DLOCAL_PROPAGATION_DEPTH=8 -DCARRY_WORKER=128 -DLOCAL_PROPAGATION_DEPTH_DIV4=2 -DLOCAL_PROPAGATION_DEPTH_DIV4_MIN=1 -DLOCAL_PROPAGATION_DEPTH_DIV2=2 -DLOCAL_PROPAGATION_DEPTH_DIV2_MIN=3 -DWORKER_NTT=256 -DWORKER_NTT_2_STEPS=64 -DMODULUS_P=23209 -DTRANSFORM_SIZE_N=1024 -DLOCAL_SIZE=64 -DLOCAL_SIZE2=64 -DLOCAL_SIZE3=64
OpenCL program built successfully from: /Users/fricadev/PrMers/kernels/prmers.cl
PrMers : GPU‐accelerated Mersenne primality test (OpenCL, NTT, Lucas Lehmer)
Testing exponent : 23209
Device OpenCL ID : 0
Mode : PRP
Backup interval : 30 s
Save/Load path: .
Looking for loop file at "/Users/fricadev/PrMers/./23209prp.loop"
No valid loop file, initializing fresh state
Initial x[0] set to 3 (PRP mode)
[31mProgress: 0.00% | Exp: 23209 | Iter: 0 | Elapsed: 0.00s | IPS: 0.00 | ETA: 0d 0h 0m 0s | RES64: [0m
[32mProgress: 100.00% | Exp: 23209 | Iter: 23209 | Elapsed: 1.58s | IPS: 14731.86 | ETA: 0d 0h 0m 0s | RES64: 0000000000000001[0m

Warning: Cannot open file for MD5: 

M23209 PRP test: probably prime (residue is 9).

Manual submission JSON:
{"status":"P","exponent":23209,"worktype":"PRP-3","res64":"0000000000000001","res2048":"00000000000000000000000000000000000000000000000000000000000000000000000000000000000000000000000000000000000000000000000000000000000000000000000000000000000000000000000000000000000000000000000000000000000000000000000000000000000000000000000000000000000000000000000000000000000000000000000000000000000000000000000000000000000000000000000000000000000000000000000000000000000000000000000000000000000000000000000000000000000000000000000000000000000000000000000000000000000000000000000000000000000000000000000000000001","residue-type":1,"errors":{"gerbicz":0},"fft-length":1024,"shift-count":0,"program":{"name":"prmers","version":"0.1.0","port":8},"os":{"os":"Linux","architecture":"x86_64"},"user":"cherubrock","timestamp":"2025-04-29 06:57:56","checksum":{"version":1,"checksum":"24424E0D"}}

Total elapsed time: 1.58 seconds.
No password provided with --noask; skipping submission.
JSON result written to: ./23209_prp_result.json
Result appended to: ./results.txt
