Cannot open worktodo.txt
GPU Vendor: APPLE
Queue size = 16384
Max CL_DEVICE_MAX_WORK_GROUP_SIZE = 256
Max CL_DEVICE_MAX_WORK_ITEM_SIZES = 256, 256, 256
Max CL_DEVICE_LOCAL_MEM_SIZE = 32768 bytes
Transform Size = 128
Cannot open worktodo.txt
Building OpenCL program with options:  -DWG_SIZE=16 -DLOCAL_PROPAGATION_DEPTH=4 -DCARRY_WORKER=32 -DLOCAL_PROPAGATION_DEPTH_DIV4=1 -DLOCAL_PROPAGATION_DEPTH_DIV4_MIN=1 -DLOCAL_PROPAGATION_DEPTH_DIV2=1 -DLOCAL_PROPAGATION_DEPTH_DIV2_MIN=1 -DWORKER_NTT=32 -DWORKER_NTT_2_STEPS=8 -DMODULUS_P=2203 -DTRANSFORM_SIZE_N=128 -DLOCAL_SIZE=8 -DLOCAL_SIZE2=8 -DLOCAL_SIZE3=8
OpenCL program built successfully from: /Users/fricadev/PrMers/kernels/prmers.cl
PrMers : GPU‐accelerated Mersenne primality test (OpenCL, NTT, Lucas Lehmer)
Testing exponent : 2203
Device OpenCL ID : 0
Mode : PRP
Backup interval : 30 s
Save/Load path: .
Looking for loop file at "/Users/fricadev/PrMers/./2203prp.loop"
No valid loop file, initializing fresh state
Initial x[0] set to 3 (PRP mode)
[31mProgress: 0.00% | Exp: 2203 | Iter: 0 | Elapsed: 0.00s | IPS: 0.00 | ETA: 0d 0h 0m 0s | RES64: [0m
[32mProgress: 100.00% | Exp: 2203 | Iter: 2203 | Elapsed: 0.15s | IPS: 14954.55 | ETA: 0d 0h 0m 0s | RES64: 0000000000000001[0m

Warning: Cannot open file for MD5: 

M2203 PRP test: probably prime (residue is 9).

Manual submission JSON:
{"status":"P","exponent":2203,"worktype":"PRP-3","res64":"0000000000000001","res2048":"00000000000000000000000000000000000000000000000000000000000000000000000000000000000000000000000000000000000000000000000000000000000000000000000000000000000000000000000000000000000000000000000000000000000000000000000000000000000000000000000000000000000000000000000000000000000000000000000000000000000000000000000000000000000000000000000000000000000000000000000000000000000000000000000000000000000000000000000000000000000000000000000000000000000000000000000000000000000000000000000000000000000000000000000000000001","residue-type":1,"errors":{"gerbicz":0},"fft-length":128,"shift-count":0,"program":{"name":"prmers","version":"0.1.0","port":8},"os":{"os":"Linux","architecture":"x86_64"},"user":"cherubrock","timestamp":"2025-04-29 06:57:42","checksum":{"version":1,"checksum":"B48BE295"}}

Total elapsed time: 0.15 seconds.
No password provided with --noask; skipping submission.
JSON result written to: ./2203_prp_result.json
Result appended to: ./results.txt
