Cannot open worktodo.txt
GPU Vendor: APPLE
Queue size = 16384
Max CL_DEVICE_MAX_WORK_GROUP_SIZE = 256
Max CL_DEVICE_MAX_WORK_ITEM_SIZES = 256, 256, 256
Max CL_DEVICE_LOCAL_MEM_SIZE = 32768 bytes
Transform Size = 256
Cannot open worktodo.txt
Building OpenCL program with options:  -DWG_SIZE=16 -DLOCAL_PROPAGATION_DEPTH=4 -DCARRY_WORKER=64 -DLOCAL_PROPAGATION_DEPTH_DIV4=1 -DLOCAL_PROPAGATION_DEPTH_DIV4_MIN=1 -DLOCAL_PROPAGATION_DEPTH_DIV2=1 -DLOCAL_PROPAGATION_DEPTH_DIV2_MIN=1 -DWORKER_NTT=64 -DWORKER_NTT_2_STEPS=16 -DMODULUS_P=4253 -DTRANSFORM_SIZE_N=256 -DLOCAL_SIZE=16 -DLOCAL_SIZE2=16 -DLOCAL_SIZE3=16
OpenCL program built successfully from: /Users/fricadev/PrMers/kernels/prmers.cl
PrMers : GPU‐accelerated Mersenne primality test (OpenCL, NTT, Lucas Lehmer)
Testing exponent : 4253
Device OpenCL ID : 0
Mode : PRP
Backup interval : 30 s
Save/Load path: .
Looking for loop file at "/Users/fricadev/PrMers/./4253prp.loop"
No valid loop file, initializing fresh state
Initial x[0] set to 3 (PRP mode)
[31mProgress: 0.00% | Exp: 4253 | Iter: 0 | Elapsed: 0.00s | IPS: 0.00 | ETA: 0d 0h 0m 0s | RES64: [0m
[32mProgress: 100.00% | Exp: 4253 | Iter: 4253 | Elapsed: 0.30s | IPS: 14240.30 | ETA: 0d 0h 0m 0s | RES64: 0000000000000001[0m

Warning: Cannot open file for MD5: 

M4253 PRP test: probably prime (residue is 9).

Manual submission JSON:
{"status":"P","exponent":4253,"worktype":"PRP-3","res64":"0000000000000001","res2048":"00000000000000000000000000000000000000000000000000000000000000000000000000000000000000000000000000000000000000000000000000000000000000000000000000000000000000000000000000000000000000000000000000000000000000000000000000000000000000000000000000000000000000000000000000000000000000000000000000000000000000000000000000000000000000000000000000000000000000000000000000000000000000000000000000000000000000000000000000000000000000000000000000000000000000000000000000000000000000000000000000000000000000000000000000000001","residue-type":1,"errors":{"gerbicz":0},"fft-length":256,"shift-count":0,"program":{"name":"prmers","version":"0.1.0","port":8},"os":{"os":"Linux","architecture":"x86_64"},"user":"cherubrock","timestamp":"2025-04-29 07:43:47","checksum":{"version":1,"checksum":"419CDC0B"}}

Total elapsed time: 0.30 seconds.
No password provided with --noask; skipping submission.
JSON result written to: ./4253_prp_result.json
Result appended to: ./results.txt
